Release 14.7 - xst P.20131013 (nt64)
Copyright (c) 1995-2013 Xilinx, Inc.  All rights reserved.
--> Parameter TMPDIR set to xst/projnav.tmp


Total REAL time to Xst completion: 0.00 secs
Total CPU time to Xst completion: 0.28 secs
 
--> Parameter xsthdpdir set to xst


Total REAL time to Xst completion: 0.00 secs
Total CPU time to Xst completion: 0.29 secs
 
--> Reading design: datapath.prj

TABLE OF CONTENTS
  1) Synthesis Options Summary
  2) HDL Compilation
  3) Design Hierarchy Analysis
  4) HDL Analysis
  5) HDL Synthesis
     5.1) HDL Synthesis Report
  6) Advanced HDL Synthesis
     6.1) Advanced HDL Synthesis Report
  7) Low Level Synthesis
  8) Partition Report
  9) Final Report
	9.1) Device utilization summary
	9.2) Partition Resource Summary
	9.3) TIMING REPORT


=========================================================================
*                      Synthesis Options Summary                        *
=========================================================================
---- Source Parameters
Input File Name                    : "datapath.prj"
Input Format                       : mixed
Ignore Synthesis Constraint File   : NO

---- Target Parameters
Output File Name                   : "datapath"
Output Format                      : NGC
Target Device                      : xc3s500e-4-pq208

---- Source Options
Top Module Name                    : datapath
Automatic FSM Extraction           : YES
FSM Encoding Algorithm             : Auto
Safe Implementation                : No
FSM Style                          : LUT
RAM Extraction                     : Yes
RAM Style                          : Auto
ROM Extraction                     : Yes
Mux Style                          : Auto
Decoder Extraction                 : YES
Priority Encoder Extraction        : Yes
Shift Register Extraction          : YES
Logical Shifter Extraction         : YES
XOR Collapsing                     : YES
ROM Style                          : Auto
Mux Extraction                     : Yes
Resource Sharing                   : YES
Asynchronous To Synchronous        : NO
Multiplier Style                   : Auto
Automatic Register Balancing       : No

---- Target Options
Add IO Buffers                     : YES
Global Maximum Fanout              : 100000
Add Generic Clock Buffer(BUFG)     : 24
Register Duplication               : YES
Slice Packing                      : YES
Optimize Instantiated Primitives   : NO
Use Clock Enable                   : Yes
Use Synchronous Set                : Yes
Use Synchronous Reset              : Yes
Pack IO Registers into IOBs        : Auto
Equivalent register Removal        : YES

---- General Options
Optimization Goal                  : Speed
Optimization Effort                : 1
Keep Hierarchy                     : No
Netlist Hierarchy                  : As_Optimized
RTL Output                         : Yes
Global Optimization                : AllClockNets
Read Cores                         : YES
Write Timing Constraints           : NO
Cross Clock Analysis               : NO
Hierarchy Separator                : /
Bus Delimiter                      : <>
Case Specifier                     : Maintain
Slice Utilization Ratio            : 100
BRAM Utilization Ratio             : 100
Verilog 2001                       : YES
Auto BRAM Packing                  : NO
Slice Utilization Ratio Delta      : 5

=========================================================================


=========================================================================
*                          HDL Compilation                              *
=========================================================================
Compiling vhdl file "C:/Users/ahabn/Desktop/New folder/projects/Dedicated_processor/reg.vhd" in Library work.
Architecture behavioral of Entity reg is up to date.
Compiling vhdl file "C:/Users/ahabn/Desktop/New folder/projects/Dedicated_processor/compar.vhd" in Library work.
Entity <compar> compiled.
Entity <compar> (Architecture <behavioral>) compiled.
Compiling vhdl file "C:/Users/ahabn/Desktop/New folder/projects/Dedicated_processor/mux2.vhd" in Library work.
Architecture behavioral of Entity mux2 is up to date.
Compiling vhdl file "C:/Users/ahabn/Desktop/New folder/projects/Dedicated_processor/tristatebuffer.vhd" in Library work.
Architecture behavioral of Entity tristatebuffer is up to date.
Compiling vhdl file "C:/Users/ahabn/Desktop/New folder/projects/Dedicated_processor/datapath.vhd" in Library work.
Architecture behavioral of Entity datapath is up to date.

=========================================================================
*                     Design Hierarchy Analysis                         *
=========================================================================
Analyzing hierarchy for entity <datapath> in library <work> (architecture <behavioral>).

Analyzing hierarchy for entity <reg> in library <work> (architecture <behavioral>).

Analyzing hierarchy for entity <compar> in library <work> (architecture <behavioral>).

Analyzing hierarchy for entity <mux2> in library <work> (architecture <behavioral>).

Analyzing hierarchy for entity <tristatebuffer> in library <work> (architecture <behavioral>).


=========================================================================
*                            HDL Analysis                               *
=========================================================================
Analyzing Entity <datapath> in library <work> (Architecture <behavioral>).
Entity <datapath> analyzed. Unit <datapath> generated.

Analyzing Entity <reg> in library <work> (Architecture <behavioral>).
Entity <reg> analyzed. Unit <reg> generated.

Analyzing Entity <compar> in library <work> (Architecture <behavioral>).
Entity <compar> analyzed. Unit <compar> generated.

Analyzing Entity <mux2> in library <work> (Architecture <behavioral>).
Entity <mux2> analyzed. Unit <mux2> generated.

Analyzing Entity <tristatebuffer> in library <work> (Architecture <behavioral>).
Entity <tristatebuffer> analyzed. Unit <tristatebuffer> generated.


=========================================================================
*                           HDL Synthesis                               *
=========================================================================

Performing bidirectional port resolution...

Synthesizing Unit <reg>.
    Related source file is "C:/Users/ahabn/Desktop/New folder/projects/Dedicated_processor/reg.vhd".
    Found 8-bit register for signal <Q>.
    Summary:
	inferred   8 D-type flip-flop(s).
Unit <reg> synthesized.


Synthesizing Unit <compar>.
    Related source file is "C:/Users/ahabn/Desktop/New folder/projects/Dedicated_processor/compar.vhd".
    Found 8-bit comparator less for signal <OUTP$cmp_lt0000> created at line 13.
    Summary:
	inferred   1 Comparator(s).
Unit <compar> synthesized.


Synthesizing Unit <mux2>.
    Related source file is "C:/Users/ahabn/Desktop/New folder/projects/Dedicated_processor/mux2.vhd".
Unit <mux2> synthesized.


Synthesizing Unit <tristatebuffer>.
    Related source file is "C:/Users/ahabn/Desktop/New folder/projects/Dedicated_processor/tristatebuffer.vhd".
Unit <tristatebuffer> synthesized.


Synthesizing Unit <datapath>.
    Related source file is "C:/Users/ahabn/Desktop/New folder/projects/Dedicated_processor/datapath.vhd".
Unit <datapath> synthesized.


=========================================================================
HDL Synthesis Report

Macro Statistics
# Registers                                            : 4
 8-bit register                                        : 4
# Comparators                                          : 2
 8-bit comparator less                                 : 2

=========================================================================

=========================================================================
*                       Advanced HDL Synthesis                          *
=========================================================================


=========================================================================
Advanced HDL Synthesis Report

Macro Statistics
# Registers                                            : 32
 Flip-Flops                                            : 32
# Comparators                                          : 2
 8-bit comparator less                                 : 2

=========================================================================

=========================================================================
*                         Low Level Synthesis                           *
=========================================================================

Optimizing unit <datapath> ...

Optimizing unit <reg> ...

Mapping all equations...
Building and optimizing final netlist ...
Found area constraint ratio of 100 (+ 5) on block datapath, actual ratio is 0.

Final Macro Processing ...

=========================================================================
Final Register Report

Macro Statistics
# Registers                                            : 32
 Flip-Flops                                            : 32

=========================================================================

=========================================================================
*                           Partition Report                            *
=========================================================================

Partition Implementation Status
-------------------------------

  No Partitions were found in this design.

-------------------------------

=========================================================================
*                            Final Report                               *
=========================================================================
Final Results
RTL Top Level Output File Name     : datapath.ngr
Top Level Output File Name         : datapath
Output Format                      : NGC
Optimization Goal                  : Speed
Keep Hierarchy                     : No

Design Statistics
# IOs                              : 40

Cell Usage :
# BELS                             : 51
#      INV                         : 2
#      LUT2                        : 16
#      LUT3                        : 8
#      LUT4                        : 8
#      MUXCY                       : 16
#      VCC                         : 1
# FlipFlops/Latches                : 32
#      FDE                         : 32
# Clock Buffers                    : 1
#      BUFGP                       : 1
# IO Buffers                       : 39
#      IBUF                        : 29
#      OBUF                        : 10
=========================================================================

Device utilization summary:
---------------------------

Selected Device : 3s500epq208-4 

 Number of Slices:                       26  out of   4656     0%  
 Number of Slice Flip Flops:             32  out of   9312     0%  
 Number of 4 input LUTs:                 34  out of   9312     0%  
 Number of IOs:                          40
 Number of bonded IOBs:                  40  out of    158    25%  
 Number of GCLKs:                         1  out of     24     4%  

---------------------------
Partition Resource Summary:
---------------------------

  No Partitions were found in this design.

---------------------------


=========================================================================
TIMING REPORT

NOTE: THESE TIMING NUMBERS ARE ONLY A SYNTHESIS ESTIMATE.
      FOR ACCURATE TIMING INFORMATION PLEASE REFER TO THE TRACE REPORT
      GENERATED AFTER PLACE-and-ROUTE.

Clock Information:
------------------
-----------------------------------+------------------------+-------+
Clock Signal                       | Clock buffer(FF name)  | Load  |
-----------------------------------+------------------------+-------+
CLK                                | BUFGP                  | 32    |
-----------------------------------+------------------------+-------+

Asynchronous Control Signals Information:
----------------------------------------
No asynchronous control signals found in this design

Timing Summary:
---------------
Speed Grade: -4

   Minimum period: 2.129ns (Maximum Frequency: 469.704MHz)
   Minimum input arrival time before clock: 3.162ns
   Maximum output required time after clock: 8.010ns
   Maximum combinational path delay: 6.546ns

Timing Detail:
--------------
All values displayed in nanoseconds (ns)

=========================================================================
Timing constraint: Default period analysis for Clock 'CLK'
  Clock period: 2.129ns (frequency: 469.704MHz)
  Total number of paths / destination ports: 16 / 8
-------------------------------------------------------------------------
Delay:               2.129ns (Levels of Logic = 1)
  Source:            reg_A/Q_7 (FF)
  Destination:       reg_E/Q_7 (FF)
  Source Clock:      CLK rising
  Destination Clock: CLK rising

  Data Path: reg_A/Q_7 to reg_E/Q_7
                                Gate     Net
    Cell:in->out      fanout   Delay   Delay  Logical Name (Net Name)
    ----------------------------------------  ------------
     FDE:C->Q              2   0.591   0.526  reg_A/Q_7 (reg_A/Q_7)
     LUT3:I1->O            1   0.704   0.000  mux_1/OUTP<7>1 (FROM_MUX_1<7>)
     FDE:D                     0.308          reg_E/Q_7
    ----------------------------------------
    Total                      2.129ns (1.603ns logic, 0.526ns route)
                                       (75.3% logic, 24.7% route)

=========================================================================
Timing constraint: Default OFFSET IN BEFORE for Clock 'CLK'
  Total number of paths / destination ports: 64 / 64
-------------------------------------------------------------------------
Offset:              3.162ns (Levels of Logic = 2)
  Source:            SEL1 (PAD)
  Destination:       reg_E/Q_7 (FF)
  Destination Clock: CLK rising

  Data Path: SEL1 to reg_E/Q_7
                                Gate     Net
    Cell:in->out      fanout   Delay   Delay  Logical Name (Net Name)
    ----------------------------------------  ------------
     IBUF:I->O             8   1.218   0.932  SEL1_IBUF (SEL1_IBUF)
     LUT3:I0->O            1   0.704   0.000  mux_1/OUTP<7>1 (FROM_MUX_1<7>)
     FDE:D                     0.308          reg_E/Q_7
    ----------------------------------------
    Total                      3.162ns (2.230ns logic, 0.932ns route)
                                       (70.5% logic, 29.5% route)

=========================================================================
Timing constraint: Default OFFSET OUT AFTER for Clock 'CLK'
  Total number of paths / destination ports: 56 / 10
-------------------------------------------------------------------------
Offset:              8.010ns (Levels of Logic = 11)
  Source:            reg_E/Q_0 (FF)
  Destination:       ELTC (PAD)
  Source Clock:      CLK rising

  Data Path: reg_E/Q_0 to ELTC
                                Gate     Net
    Cell:in->out      fanout   Delay   Delay  Logical Name (Net Name)
    ----------------------------------------  ------------
     FDE:C->Q              2   0.591   0.622  reg_E/Q_0 (reg_E/Q_0)
     LUT2:I0->O            1   0.704   0.000  compar_2/Mcompar_OUTP_cmp_lt0000_lut<0> (compar_2/Mcompar_OUTP_cmp_lt0000_lut<0>)
     MUXCY:S->O            1   0.464   0.000  compar_2/Mcompar_OUTP_cmp_lt0000_cy<0> (compar_2/Mcompar_OUTP_cmp_lt0000_cy<0>)
     MUXCY:CI->O           1   0.059   0.000  compar_2/Mcompar_OUTP_cmp_lt0000_cy<1> (compar_2/Mcompar_OUTP_cmp_lt0000_cy<1>)
     MUXCY:CI->O           1   0.059   0.000  compar_2/Mcompar_OUTP_cmp_lt0000_cy<2> (compar_2/Mcompar_OUTP_cmp_lt0000_cy<2>)
     MUXCY:CI->O           1   0.059   0.000  compar_2/Mcompar_OUTP_cmp_lt0000_cy<3> (compar_2/Mcompar_OUTP_cmp_lt0000_cy<3>)
     MUXCY:CI->O           1   0.059   0.000  compar_2/Mcompar_OUTP_cmp_lt0000_cy<4> (compar_2/Mcompar_OUTP_cmp_lt0000_cy<4>)
     MUXCY:CI->O           1   0.059   0.000  compar_2/Mcompar_OUTP_cmp_lt0000_cy<5> (compar_2/Mcompar_OUTP_cmp_lt0000_cy<5>)
     MUXCY:CI->O           1   0.059   0.000  compar_2/Mcompar_OUTP_cmp_lt0000_cy<6> (compar_2/Mcompar_OUTP_cmp_lt0000_cy<6>)
     MUXCY:CI->O           1   0.459   0.420  compar_2/Mcompar_OUTP_cmp_lt0000_cy<7> (compar_2/Mcompar_OUTP_cmp_lt0000_cy<7>)
     INV:I->O              1   0.704   0.420  compar_2/Mcompar_OUTP_cmp_lt0000_cy<7>_inv_INV_0 (ELTC_OBUF)
     OBUF:I->O                 3.272          ELTC_OBUF (ELTC)
    ----------------------------------------
    Total                      8.010ns (6.548ns logic, 1.462ns route)
                                       (81.7% logic, 18.3% route)

=========================================================================
Timing constraint: Default path analysis
  Total number of paths / destination ports: 24 / 8
-------------------------------------------------------------------------
Delay:               6.546ns (Levels of Logic = 3)
  Source:            OUTEN (PAD)
  Destination:       OUTP<7> (PAD)

  Data Path: OUTEN to OUTP<7>
                                Gate     Net
    Cell:in->out      fanout   Delay   Delay  Logical Name (Net Name)
    ----------------------------------------  ------------
     IBUF:I->O             8   1.218   0.932  OUTEN_IBUF (OUTEN_IBUF)
     LUT4:I0->O            1   0.704   0.420  tribuffer_1/OUTP<7>1 (OUTP_7_OBUF)
     OBUF:I->O                 3.272          OUTP_7_OBUF (OUTP<7>)
    ----------------------------------------
    Total                      6.546ns (5.194ns logic, 1.352ns route)
                                       (79.3% logic, 20.7% route)

=========================================================================


Total REAL time to Xst completion: 7.00 secs
Total CPU time to Xst completion: 6.72 secs
 
--> 

Total memory usage is 4514816 kilobytes

Number of errors   :    0 (   0 filtered)
Number of warnings :    0 (   0 filtered)
Number of infos    :    0 (   0 filtered)

