Running: C:\Xilinx\14.7\ISE_DS\ISE\bin\nt64\unwrapped\fuse.exe -intstyle ise -incremental -o C:/Users/ahabn/Desktop/New folder/projects/Dedicated_processor/microprocessor_isim_beh.exe -prj C:/Users/ahabn/Desktop/New folder/projects/Dedicated_processor/microprocessor_beh.prj work.microprocessor 
ISim P.20131013 (signature 0x7708f090)
Number of CPUs detected in this system: 8
Turning on mult-threading, number of parallel sub-compilation jobs: 16 
Determining compilation order of HDL files
Parsing VHDL file "C:/Users/ahabn/Desktop/New folder/projects/Dedicated_processor/tristatebuffer.vhd" into library work
Parsing VHDL file "C:/Users/ahabn/Desktop/New folder/projects/Dedicated_processor/reg.vhd" into library work
Parsing VHDL file "C:/Users/ahabn/Desktop/New folder/projects/Dedicated_processor/mux2.vhd" into library work
Parsing VHDL file "C:/Users/ahabn/Desktop/New folder/projects/Dedicated_processor/compar.vhd" into library work
Parsing VHDL file "C:/Users/ahabn/Desktop/New folder/projects/Dedicated_processor/datapath.vhd" into library work
Parsing VHDL file "C:/Users/ahabn/Desktop/New folder/projects/Dedicated_processor/control_unit.vhd" into library work
Parsing VHDL file "C:/Users/ahabn/Desktop/New folder/projects/Dedicated_processor/microprocessor.vhd" into library work
Starting static elaboration
Completed static elaboration
Compiling package standard
Compiling package std_logic_1164
Compiling architecture behavioral of entity reg [reg_default]
Compiling architecture behavioral of entity compar [compar_default]
Compiling architecture behavioral of entity mux2 [mux2_default]
Compiling architecture behavioral of entity tristatebuffer [tristatebuffer_default]
Compiling architecture behavioral of entity datapath [datapath_default]
Compiling architecture behavioral of entity control_unit [control_unit_default]
Compiling architecture behavioral of entity microprocessor
Time Resolution for simulation is 1ps.
Waiting for 1 sub-compilation(s) to finish...
Compiled 15 VHDL Units
Built simulation executable C:/Users/ahabn/Desktop/New folder/projects/Dedicated_processor/microprocessor_isim_beh.exe
Fuse Memory Usage: 30696 KB
Fuse CPU Usage: 983 ms
