#
# A fatal error has been detected by the Java Runtime Environment:
#
#  EXCEPTION_UNCAUGHT_CXX_EXCEPTION (0xe06d7363) at pc=0x76b310a2, pid=9280, tid=7860
#
# JRE version: 7.0_17-b02
# Java VM: Java HotSpot(TM) Server VM (23.7-b01 mixed mode windows-x86 )
# Problematic frame:
# C  [KERNELBASE.dll+0x1410a2]  RaiseException+0x62
#
# Failed to write core dump. Minidumps are not enabled by default on client versions of Windows
#
# If you would like to submit a bug report, please visit:
#   http://bugreport.sun.com/bugreport/crash.jsp
# The crash happened outside the Java Virtual Machine in native code.
# See problematic frame for where to report the bug.
#

---------------  T H R E A D  ---------------

Current thread (0x1620bc00):  JavaThread "main" [_thread_in_native, id=7860, stack(0x16e00000,0x16f00000)]

siginfo: ExceptionCode=0xe06d7363, ExceptionInformation=0x19930520 0x16efedc8 0x01004a88 

Registers:
EAX=0x16efecf8, EBX=0x00000000, ECX=0x00000003, EDX=0x00000000
ESP=0x16efecf8, EBP=0x16efed54, ESI=0x010016d4, EDI=0x16eff1a0
EIP=0x76b310a2, EFLAGS=0x00000212

Top of Stack: (sp=0x16efecf8)
0x16efecf8:   e06d7363 00000001 00000000 76b310a2
0x16efed08:   00000003 19930520 16efedc8 01004a88
0x16efed18:   0a90b985 03640010 0000003c 00000000
0x16efed28:   6f103d3f 0000003c 00ff3b02 0000003c
0x16efed38:   0000003c 0000003b 16d044a8 00fa7f56
0x16efed48:   16cda1c0 4a17a61a 0000003b 16efed8c
0x16efed58:   6f0fdf60 e06d7363 00000001 00000003
0x16efed68:   16efed80 e06d7363 00000001 00000000 

Instructions: (pc=0x76b310a2)
0x76b31082:   89 44 24 10 c1 e0 02 50 51 8d 44 24 1c 50 e8 bb
0x76b31092:   66 02 00 83 c4 0c 8d 04 24 50 ff 15 18 54 bf 76
0x76b310a2:   8b 4c 24 54 33 cc e8 0f 53 00 00 8b e5 5d c2 10
0x76b310b2:   00 83 64 24 10 00 eb de 6a 0f 58 eb c3 cc cc cc 


Register to memory mapping:

EAX=0x16efecf8 is pointing into the stack for thread: 0x1620bc00
EBX=0x00000000 is an unknown value
ECX=0x00000003 is an unknown value
EDX=0x00000000 is an unknown value
ESP=0x16efecf8 is pointing into the stack for thread: 0x1620bc00
EBP=0x16efed54 is pointing into the stack for thread: 0x1620bc00
ESI=0x010016d4 is an unknown value
EDI=0x16eff1a0 is pointing into the stack for thread: 0x1620bc00


Stack: [0x16e00000,0x16f00000],  sp=0x16efecf8,  free space=1019k
Native frames: (J=compiled Java code, j=interpreted, Vv=VM code, C=native code)
C  [KERNELBASE.dll+0x1410a2]  RaiseException+0x62
C  [MSVCR90.dll+0x5df60]  CxxThrowException+0x48
C  [stlport.5.2.dll+0x45eb4]  stlp_std::locale::_M_throw_on_creation_failure+0x214
C  [stlport.5.2.dll+0x497fe]  stlp_std::_Locale_impl::insert_ctype_facets+0xae
C  [stlport.5.2.dll+0x4607d]  stlp_std::locale::locale+0xcd

Java frames: (J=compiled Java code, j=interpreted, Vv=VM code)
j  ui.data.common.parami.ParamMgr_getValueAsBool(JLjava/lang/String;)Z+0
j  ui.data.common.F.jw(Ljava/lang/String;)Z+5
j  ui.data.common.F.aWC()Z+5
j  ui.h.I.aWC()Z+6
j  ui.aL.aGY()Ljava/lang/String;+0
j  ui.PlanAhead.<clinit>()V+316
v  ~StubRoutines::call_stub

---------------  P R O C E S S  ---------------

Java Threads: ( => current thread )
  0x61e37c00 JavaThread "Service Thread" daemon [_thread_blocked, id=13808, stack(0x63230000,0x63530000)]
  0x61e01800 JavaThread "C2 CompilerThread1" daemon [_thread_blocked, id=1524, stack(0x630f0000,0x631f0000)]
  0x61e03000 JavaThread "C2 CompilerThread0" daemon [_thread_blocked, id=13296, stack(0x62fb0000,0x630b0000)]
  0x61e04400 JavaThread "Attach Listener" daemon [_thread_blocked, id=5284, stack(0x62c70000,0x62f70000)]
  0x61e05c00 JavaThread "Signal Dispatcher" daemon [_thread_blocked, id=10528, stack(0x62930000,0x62c30000)]
  0x61f24800 JavaThread "Finalizer" daemon [_thread_blocked, id=4992, stack(0x625f0000,0x628f0000)]
  0x61f25c00 JavaThread "Reference Handler" daemon [_thread_blocked, id=11300, stack(0x622b0000,0x625b0000)]
=>0x1620bc00 JavaThread "main" [_thread_in_native, id=7860, stack(0x16e00000,0x16f00000)]

Other Threads:
  0x61f27c00 VMThread [stack: 0x62170000,0x62270000] [id=13368]
  0x61e36800 WatcherThread [stack: 0x63670000,0x63770000] [id=1520]

VM state:not at safepoint (normal execution)

VM Mutex/Monitor currently owned by a thread: None

Heap
 PSYoungGen      total 38208K, used 1983K [0x48a90000, 0x4b530000, 0x5dfe0000)
  eden space 32768K, 6% used [0x48a90000,0x48c7fff0,0x4aa90000)
  from space 5440K, 0% used [0x4afe0000,0x4afe0000,0x4b530000)
  to   space 5440K, 0% used [0x4aa90000,0x4aa90000,0x4afe0000)
 ParOldGen       total 87424K, used 0K [0x1dfe0000, 0x23540000, 0x48a90000)
  object space 87424K, 0% used [0x1dfe0000,0x1dfe0000,0x23540000)
 PSPermGen       total 16384K, used 3336K [0x19fe0000, 0x1afe0000, 0x1dfe0000)
  object space 16384K, 20% used [0x19fe0000,0x1a3221e0,0x1afe0000)

Card table byte_map: [0x5dfe0000,0x5e210000] byte_map_base: 0x5df10100

Polling page: 0x16f00000

Code Cache  [0x16f20000, 0x17160000, 0x19f20000)
 total_blobs=157 nmethods=9 adapters=101 free_code_cache=48840Kb largest_free_block=49997760

Compilation events (10 events):
Event: 0.212 Thread 0x61e01800    5             java.lang.String::indexOf (70 bytes)
Event: 0.215 Thread 0x61e01800 nmethod 5 0x16f6b208 code [0x16f6b300, 0x16f6b47c]
Event: 0.230 Thread 0x61e03000    6             java.lang.String::indexOf (166 bytes)
Event: 0.236 Thread 0x61e01800    7             java.lang.AbstractStringBuilder::ensureCapacityInternal (16 bytes)
Event: 0.241 Thread 0x61e03000 nmethod 6 0x16f6c6c8 code [0x16f6c7c0, 0x16f6cb50]
Event: 0.241 Thread 0x61e03000    8             java.io.Win32FileSystem::isSlash (18 bytes)
Event: 0.241 Thread 0x61e01800 nmethod 7 0x16f6c208 code [0x16f6c300, 0x16f6c570]
Event: 0.242 Thread 0x61e03000 nmethod 8 0x16f69248 code [0x16f69340, 0x16f69390]
Event: 0.255 Thread 0x61e01800    9             sun.nio.cs.UTF_8$Encoder::encode (361 bytes)
Event: 0.267 Thread 0x61e01800 nmethod 9 0x16f6d888 code [0x16f6d9a0, 0x16f6de1c]

GC Heap History (0 events):
No events

Deoptimization events (1 events):
Event: 0.215 Thread 0x1620bc00 Uncommon trap -83 fr.pc 0x16f6a348

Internal exceptions (10 events):
Event: 0.241 Thread 0x1620bc00 Threw 0x48c046c8 at C:\jdk7u2_32P\jdk7u17\hotspot\src\share\vm\prims\jvm.cpp:1166
Event: 0.241 Thread 0x1620bc00 Threw 0x48c05c90 at C:\jdk7u2_32P\jdk7u17\hotspot\src\share\vm\prims\jvm.cpp:1166
Event: 0.245 Thread 0x1620bc00 Threw 0x48c08738 at C:\jdk7u2_32P\jdk7u17\hotspot\src\share\vm\prims\jni.cpp:716
Event: 0.253 Thread 0x1620bc00 Threw 0x48c1f878 at C:\jdk7u2_32P\jdk7u17\hotspot\src\share\vm\prims\jvm.cpp:1166
Event: 0.254 Thread 0x1620bc00 Threw 0x48c28ea0 at C:\jdk7u2_32P\jdk7u17\hotspot\src\share\vm\prims\jvm.cpp:1166
Event: 0.255 Thread 0x1620bc00 Threw 0x48c2caf8 at C:\jdk7u2_32P\jdk7u17\hotspot\src\share\vm\prims\jvm.cpp:1166
Event: 0.255 Thread 0x1620bc00 Threw 0x48c2ff80 at C:\jdk7u2_32P\jdk7u17\hotspot\src\share\vm\prims\jvm.cpp:1166
Event: 0.256 Thread 0x1620bc00 Threw 0x48c35ad8 at C:\jdk7u2_32P\jdk7u17\hotspot\src\share\vm\prims\jvm.cpp:1166
Event: 0.256 Thread 0x1620bc00 Threw 0x48c474c8 at C:\jdk7u2_32P\jdk7u17\hotspot\src\share\vm\prims\jvm.cpp:1166
Event: 0.264 Thread 0x1620bc00 Threw 0x48c63c70 at C:\jdk7u2_32P\jdk7u17\hotspot\src\share\vm\prims\jvm.cpp:1166

Events (10 events):
Event: 0.262 loading class 0x16cfa158
Event: 0.262 loading class 0x16cfa158 done
Event: 0.262 loading class 0x16cf27a0
Event: 0.262 loading class 0x16cf27a0 done
Event: 0.262 loading class 0x6392aae0
Event: 0.262 loading class 0x6392aae0 done
Event: 0.262 loading class 0x64481c90
Event: 0.263 loading class 0x64481c90 done
Event: 0.264 loading class 0x638e0520
Event: 0.264 loading class 0x638e0520 done


Dynamic libraries:
0x00400000 - 0x0040b000 	C:\Xilinx\14.7\ISE_DS\PlanAhead\bin\unwrapped\win32.o\planAhead.exe
0x77b00000 - 0x77ca4000 	C:\WINDOWS\SYSTEM32\ntdll.dll
0x76360000 - 0x76450000 	C:\WINDOWS\System32\KERNEL32.DLL
0x769f0000 - 0x76c2f000 	C:\WINDOWS\System32\KERNELBASE.dll
0x0a900000 - 0x0a928000 	C:\Xilinx\14.7\ISE_DS\PlanAhead\lib\win32.o\SHSMP.DLL
0x10000000 - 0x10011000 	C:\Xilinx\14.7\ISE_DS\PlanAhead\lib\win32.o\librdi_commonmain.dll
0x75980000 - 0x75b1d000 	C:\WINDOWS\System32\USER32.dll
0x75be0000 - 0x75bf8000 	C:\WINDOWS\System32\win32u.dll
0x77620000 - 0x77643000 	C:\WINDOWS\System32\GDI32.dll
0x76270000 - 0x76355000 	C:\WINDOWS\System32\gdi32full.dll
0x76ef0000 - 0x76f6b000 	C:\WINDOWS\System32\msvcp_win.dll
0x76800000 - 0x76920000 	C:\WINDOWS\System32\ucrtbase.dll
0x6f0a0000 - 0x6f143000 	C:\WINDOWS\WinSxS\x86_microsoft.vc90.crt_1fc8b3b9a1e18e3b_9.0.30729.9625_none_508ef7e4bcbbe589\MSVCR90.dll
0x76de0000 - 0x76e5e000 	C:\WINDOWS\System32\ADVAPI32.dll
0x76920000 - 0x769df000 	C:\WINDOWS\System32\msvcrt.dll
0x76c30000 - 0x76ca8000 	C:\WINDOWS\System32\sechost.dll
0x76740000 - 0x767fc000 	C:\WINDOWS\System32\RPCRT4.dll
0x76450000 - 0x76469000 	C:\WINDOWS\System32\bcrypt.dll
0x750d0000 - 0x750d8000 	C:\WINDOWS\SYSTEM32\VERSION.dll
0x005c0000 - 0x005cf000 	C:\Xilinx\14.7\ISE_DS\PlanAhead\lib\win32.o\libboost_signals.dll
0x00a10000 - 0x00f96000 	C:\Xilinx\14.7\ISE_DS\PlanAhead\lib\win32.o\librdi_common.dll
0x00fa0000 - 0x0104c000 	C:\Xilinx\14.7\ISE_DS\PlanAhead\lib\win32.o\stlport.5.2.dll
0x005f0000 - 0x0060c000 	C:\Xilinx\14.7\ISE_DS\PlanAhead\lib\win32.o\libboost_filesystem.dll
0x01050000 - 0x0112e000 	C:\Xilinx\14.7\ISE_DS\PlanAhead\lib\win32.o\tcl85t.dll
0x6eff0000 - 0x6f07e000 	C:\WINDOWS\WinSxS\x86_microsoft.vc90.crt_1fc8b3b9a1e18e3b_9.0.30729.9625_none_508ef7e4bcbbe589\MSVCP90.dll
0x76cc0000 - 0x76d23000 	C:\WINDOWS\System32\WS2_32.dll
0x765c0000 - 0x765c6000 	C:\WINDOWS\System32\PSAPI.DLL
0x75c90000 - 0x7626a000 	C:\WINDOWS\System32\SHELL32.dll
0x6d720000 - 0x6dc54000 	C:\Xilinx\14.7\ISE_DS\PlanAhead\tps\win32\jre\bin\server\jvm.dll
0x6dea0000 - 0x6e2f6000 	C:\WINDOWS\SYSTEM32\WININET.dll
0x12000000 - 0x121d0000 	C:\Xilinx\14.7\ISE_DS\PlanAhead\lib\win32.o\xerces-c_3_1.dll
0x6e8b0000 - 0x6e97b000 	C:\WINDOWS\SYSTEM32\WINHTTP.dll
0x6e3b0000 - 0x6e559000 	C:\WINDOWS\SYSTEM32\urlmon.dll
0x6efe0000 - 0x6efe8000 	C:\WINDOWS\SYSTEM32\WSOCK32.dll
0x6f660000 - 0x6f688000 	C:\WINDOWS\SYSTEM32\WINMM.dll
0x6d660000 - 0x6d71f000 	C:\WINDOWS\SYSTEM32\MSVCR100.dll
0x6dc60000 - 0x6de97000 	C:\WINDOWS\SYSTEM32\iertutil.dll
0x74950000 - 0x7496d000 	C:\WINDOWS\SYSTEM32\srvcli.dll
0x77800000 - 0x77a80000 	C:\WINDOWS\System32\combase.dll
0x76e60000 - 0x76ee7000 	C:\WINDOWS\System32\shcore.dll
0x75210000 - 0x7521b000 	C:\WINDOWS\SYSTEM32\netutils.dll
0x01180000 - 0x01187000 	C:\Xilinx\14.7\ISE_DS\PlanAhead\lib\win32.o\libboost_system.dll
0x01190000 - 0x013ec000 	C:\Xilinx\14.7\ISE_DS\PlanAhead\lib\win32.o\libCOIN-all.dll
0x01400000 - 0x0140c000 	C:\Xilinx\14.7\ISE_DS\PlanAhead\lib\win32.o\libboost_date_time.dll
0x01410000 - 0x01612000 	C:\Xilinx\14.7\ISE_DS\PlanAhead\lib\win32.o\libSecurity.dll
0x01630000 - 0x0167d000 	C:\Xilinx\14.7\ISE_DS\PlanAhead\lib\win32.o\libboost_program_options.dll
0x01690000 - 0x016a0000 	C:\Xilinx\14.7\ISE_DS\PlanAhead\lib\win32.o\libboost_thread.dll
0x016a0000 - 0x0171b000 	C:\Xilinx\14.7\ISE_DS\PlanAhead\lib\win32.o\libboost_regex.dll
0x773b0000 - 0x7745f000 	C:\WINDOWS\System32\COMDLG32.dll
0x76d90000 - 0x76dd5000 	C:\WINDOWS\System32\SHLWAPI.dll
0x77760000 - 0x777f6000 	C:\WINDOWS\System32\OLEAUT32.dll
0x764d0000 - 0x765b3000 	C:\WINDOWS\System32\ole32.dll
0x77aa0000 - 0x77aed000 	C:\WINDOWS\System32\WINTRUST.dll
0x01740000 - 0x0177a000 	C:\Xilinx\14.7\ISE_DS\PlanAhead\lib\win32.o\libcurl.dll
0x774c0000 - 0x775be000 	C:\WINDOWS\System32\CRYPT32.dll
0x77460000 - 0x774bc000 	C:\WINDOWS\System32\WLDAP32.dll
0x01790000 - 0x017f9000 	C:\Xilinx\14.7\ISE_DS\PlanAhead\lib\win32.o\libhdlpsolve.dll
0x01800000 - 0x01886000 	C:\Xilinx\14.7\ISE_DS\PlanAhead\lib\win32.o\libhdxml.dll
0x01890000 - 0x01becd5b 	C:\Xilinx\14.7\ISE_DS\PlanAhead\lib\win32.o\libisl_iostreams.dll
0x01c10000 - 0x01c2c000 	C:\Xilinx\14.7\ISE_DS\PlanAhead\lib\win32.o\libisl_sysinfo.dll
0x01c30000 - 0x01c3d000 	C:\WINDOWS\SYSTEM32\pthreadVC.dll
0x01c40000 - 0x01c53000 	C:\Xilinx\14.7\ISE_DS\PlanAhead\lib\win32.o\librdiconfig.dll
0x01c70000 - 0x01c89000 	C:\Xilinx\14.7\ISE_DS\PlanAhead\lib\win32.o\librdizlib.dll
0x75220000 - 0x75234000 	C:\WINDOWS\SYSTEM32\NETAPI32.dll
0x70a10000 - 0x70a9d000 	C:\WINDOWS\WinSxS\x86_microsoft.windows.common-controls_6595b64144ccf1df_5.82.19041.4355_none_c0dc01d438beab35\COMCTL32.dll
0x01cd0000 - 0x01cda000 	C:\Xilinx\14.7\ISE_DS\PlanAhead\lib\win32.o\libboost_chrono.dll
0x01ce0000 - 0x01cf2000 	C:\Xilinx\14.7\ISE_DS\PlanAhead\lib\win32.o\libboost_iostreams.dll
0x77650000 - 0x77675000 	C:\WINDOWS\System32\IMM32.DLL
0x6e300000 - 0x6e30e000 	C:\WINDOWS\SYSTEM32\MSASN1.dll
0x051e0000 - 0x053e0000 	C:\Xilinx\14.7\ISE_DS\PlanAhead\lib\win32.o\librdi_commontasks.dll
0x75360000 - 0x75978000 	C:\WINDOWS\SYSTEM32\windows.storage.dll
0x75330000 - 0x75355000 	C:\WINDOWS\SYSTEM32\Wldp.dll
0x088b0000 - 0x08cc7000 	C:\Xilinx\14.7\ISE_DS\PlanAhead\lib\win32.o\librdi_coretasks.dll
0x08cd0000 - 0x096b8000 	C:\Xilinx\14.7\ISE_DS\PlanAhead\lib\win32.o\librdi_constraints.dll
0x0a930000 - 0x0d984000 	C:\Xilinx\14.7\ISE_DS\PlanAhead\lib\win32.o\librdi_designutils.dll
0x096c0000 - 0x097d7000 	C:\Xilinx\14.7\ISE_DS\PlanAhead\lib\win32.o\librdi_chipscope.dll
0x097e0000 - 0x09f89000 	C:\Xilinx\14.7\ISE_DS\PlanAhead\lib\win32.o\librdi_device.dll
0x0d990000 - 0x0e393000 	C:\Xilinx\14.7\ISE_DS\PlanAhead\lib\win32.o\librdi_coregen.dll
0x09f90000 - 0x0a120000 	C:\Xilinx\14.7\ISE_DS\PlanAhead\lib\win32.o\librdi_filemgmt.dll
0x0a120000 - 0x0a314000 	C:\Xilinx\14.7\ISE_DS\PlanAhead\lib\win32.o\librdi_drc.dll
0x0a330000 - 0x0a581000 	C:\Xilinx\14.7\ISE_DS\PlanAhead\lib\win32.o\librdi_netlist.dll
0x0a590000 - 0x0a8cf000 	C:\Xilinx\14.7\ISE_DS\PlanAhead\lib\win32.o\librdi_power.dll
0x0e3a0000 - 0x0eec3000 	C:\Xilinx\14.7\ISE_DS\PlanAhead\lib\win32.o\librdi_place.dll
0x0eed0000 - 0x0f0f8000 	C:\Xilinx\14.7\ISE_DS\PlanAhead\lib\win32.o\librdi_project.dll
0x0f100000 - 0x0f362000 	C:\Xilinx\14.7\ISE_DS\PlanAhead\lib\win32.o\librdi_runs.dll
0x0f390000 - 0x0f6dd000 	C:\Xilinx\14.7\ISE_DS\PlanAhead\lib\win32.o\librdi_rsb.dll
0x0f6e0000 - 0x0fdb4000 	C:\Xilinx\14.7\ISE_DS\PlanAhead\lib\win32.o\librdi_timing.dll
0x6eee0000 - 0x6eeee000 	C:\WINDOWS\WinSxS\x86_microsoft.vc90.openmp_1fc8b3b9a1e18e3b_9.0.30729.6161_none_80ba6c811e9b4aff\VCOMP90.DLL
0x0fe00000 - 0x0fe07000 	C:\Xilinx\14.7\ISE_DS\PlanAhead\lib\win32.o\libpsta_dllwrapper.dll
0x0fe10000 - 0x0fe60000 	C:\Xilinx\14.7\ISE_DS\PlanAhead\lib\win32.o\liblmx6.0.dll
0x10020000 - 0x10561000 	C:\Xilinx\14.7\ISE_DS\PlanAhead\lib\win32.o\librdi_coregenipxact.dll
0x10570000 - 0x10b76000 	C:\Xilinx\14.7\ISE_DS\PlanAhead\lib\win32.o\libverific.dll
0x11190000 - 0x1168d000 	C:\Xilinx\14.7\ISE_DS\PlanAhead\lib\win32.o\librdi_xdm.dll
0x0fe80000 - 0x0fedf000 	C:\Xilinx\14.7\ISE_DS\PlanAhead\lib\win32.o\libboost_serialization.dll
0x11690000 - 0x11a5f000 	C:\Xilinx\14.7\ISE_DS\PlanAhead\lib\win32.o\librdi_route.dll
0x11a60000 - 0x11bbc000 	C:\Xilinx\14.7\ISE_DS\PlanAhead\lib\win32.o\librdi_labtools.dll
0x11bc0000 - 0x11f9d000 	C:\Xilinx\14.7\ISE_DS\PlanAhead\lib\win32.o\librdi_memdata.dll
0x121d0000 - 0x13274000 	C:\Xilinx\14.7\ISE_DS\PlanAhead\lib\win32.o\librdi_synth.dll
0x13280000 - 0x13554000 	C:\Xilinx\14.7\ISE_DS\PlanAhead\lib\win32.o\librdi_ip.dll
0x13560000 - 0x1362b000 	C:\Xilinx\14.7\ISE_DS\PlanAhead\lib\win32.o\librdi_dlyest.dll
0x0ff50000 - 0x0ffbc000 	C:\Xilinx\14.7\ISE_DS\PlanAhead\lib\win32.o\libise.dll
0x13630000 - 0x13ab8000 	C:\Xilinx\14.7\ISE_DS\PlanAhead\lib\win32.o\librdi_abc_nomp.dll
0x0ffe0000 - 0x0fff5000 	C:\Xilinx\14.7\ISE_DS\PlanAhead\lib\win32.o\librdi_hmetis.dll
0x10bb0000 - 0x10bde000 	C:\Xilinx\14.7\ISE_DS\PlanAhead\lib\win32.o\librdi_simbridge_kernel.dll
0x10bf0000 - 0x10f36000 	C:\Xilinx\14.7\ISE_DS\PlanAhead\lib\win32.o\librdi_wavedata.dll
0x146c0000 - 0x15b6e000 	C:\Xilinx\14.7\ISE_DS\PlanAhead\lib\win32.o\librdi_tcltasks.dll
0x15b70000 - 0x15bee000 	C:\Xilinx\14.7\ISE_DS\PlanAhead\lib\win32.o\librdi_dsp.dll
0x15bf0000 - 0x15c2d000 	C:\Xilinx\14.7\ISE_DS\PlanAhead\lib\win32.o\librdi_edk.dll
0x15c30000 - 0x15da2000 	C:\Xilinx\14.7\ISE_DS\PlanAhead\lib\win32.o\librdi_bitstream.dll
0x15db0000 - 0x15f20000 	C:\Xilinx\14.7\ISE_DS\PlanAhead\lib\win32.o\librdi_simdata.dll
0x16260000 - 0x16344000 	C:\Xilinx\14.7\ISE_DS\PlanAhead\lib\win32.o\librdi_planaheadtasks.dll
0x16360000 - 0x16cae000 	C:\Xilinx\14.7\ISE_DS\PlanAhead\lib\win32.o\librdi_ipservicestasks.dll
0x6eed0000 - 0x6eedc000 	C:\Xilinx\14.7\ISE_DS\PlanAhead\tps\win32\jre\bin\verify.dll
0x6e830000 - 0x6e850000 	C:\Xilinx\14.7\ISE_DS\PlanAhead\tps\win32\jre\bin\java.dll
0x6e810000 - 0x6e823000 	C:\Xilinx\14.7\ISE_DS\PlanAhead\tps\win32\jre\bin\zip.dll
0x6e390000 - 0x6e3a4000 	C:\Xilinx\14.7\ISE_DS\PlanAhead\tps\win32\jre\bin\net.dll
0x6e850000 - 0x6e8a2000 	C:\WINDOWS\system32\mswsock.dll
0x6eec0000 - 0x6eece000 	C:\Xilinx\14.7\ISE_DS\PlanAhead\tps\win32\jre\bin\nio.dll
0x639d0000 - 0x63bc8000 	C:\Xilinx\14.7\ISE_DS\PlanAhead\lib\win32.o\librdi_fed.dll
0x63be0000 - 0x63d71000 	C:\Xilinx\14.7\ISE_DS\PlanAhead\lib\win32.o\librdi_guitools.dll
0x63d90000 - 0x63d96000 	C:\Xilinx\14.7\ISE_DS\PlanAhead\lib\win32.o\librdi_commonx11.dll
0x63db0000 - 0x6403d000 	C:\Xilinx\14.7\ISE_DS\PlanAhead\lib\win32.o\librdi_rsbtasks.dll
0x64050000 - 0x641db000 	C:\Xilinx\14.7\ISE_DS\PlanAhead\lib\win32.o\librdi_labtoolstasks.dll
0x642f0000 - 0x6441f000 	C:\Xilinx\14.7\ISE_DS\PlanAhead\lib\win32.o\librdi_simtcltasks.dll
0x6d510000 - 0x6d652000 	C:\Xilinx\14.7\ISE_DS\PlanAhead\tps\win32\jre\bin\awt.dll
0x75250000 - 0x752f4000 	C:\WINDOWS\SYSTEM32\apphelp.dll
0x6d380000 - 0x6d508000 	C:\WINDOWS\SYSTEM32\dbghelp.dll
0x76d30000 - 0x76d8f000 	C:\WINDOWS\System32\bcryptPrimitives.dll

VM Arguments:
jvm_args: -Dsun.java2d.pmoffscreen=false -Xverify:none -Dswing.aatext=true -XX:-UsePerfData -Djdk.map.althashing.threshold=512 -Xms128m -Xmx1024m -Xss3m 
java_command: <unknown>
Launcher Type: generic

Environment Variables:
PATH=C:/Xilinx/14.7/ISE_DS/PlanAhead/bin;C:/Xilinx/14.7/ISE_DS/PlanAhead/lib/win32.o;C:/Xilinx/14.7/ISE_DS/PlanAhead/tps/win32/jre/bin/server;C:/Xilinx/14.7/ISE_DS/PlanAhead/tps/win32/jre/bin;C:/Xilinx/14.7/ISE_DS/EDK/bin/nt;C:/Xilinx/14.7/ISE_DS/EDK/lib/nt;C:/Xilinx/14.7/ISE_DS/ISE/bin/nt;C:/Xilinx/14.7/ISE_DS/ISE/lib/nt;C:/Xilinx/14.7/ISE_DS/common/bin/nt;C:/Xilinx/14.7/ISE_DS/common/lib/nt;C:\Xilinx\14.7\ISE_DS\ISE\\lib\nt;C:\Xilinx\14.7\ISE_DS\ISE\\bin\nt;C:\Xilinx\14.7\ISE_DS\ISE\bin\nt;C:\Xilinx\14.7\ISE_DS\ISE\lib\nt;C:\Xilinx\14.7\ISE_DS\ISE\..\..\..\DocNav;C:\Xilinx\14.7\ISE_DS\PlanAhead\bin;C:\Xilinx\14.7\ISE_DS\EDK\bin\nt;C:\Xilinx\14.7\ISE_DS\EDK\lib\nt;C:\Xilinx\14.7\ISE_DS\EDK\gnu\microblaze\nt\bin;C:\Xilinx\14.7\ISE_DS\EDK\gnu\powerpc-eabi\nt\bin;C:\Xilinx\14.7\ISE_DS\EDK\gnuwin\bin;C:\Xilinx\14.7\ISE_DS\EDK\gnu\arm\nt\bin;C:\Xilinx\14.7\ISE_DS\EDK\gnu\microblaze\linux_toolchain\nt_be\bin;C:\Xilinx\14.7\ISE_DS\EDK\gnu\microblaze\linux_toolchain\nt_le\bin;C:\Xilinx\14.7\ISE_DS\common\bin\nt;C:\Xilinx\14.7\ISE_DS\common\lib\nt;C:\WINDOWS\system32;C:\WINDOWS;C:\WINDOWS\System32\Wbem;C:\WINDOWS\System32\WindowsPowerShell\v1.0\;C:\WINDOWS\System32\OpenSSH\;C:\Program Files\nodejs\;C:\Program Files\Git\cmd;C:\Users\ahabn\AppData\Local\Programs\Python\Python312\Scripts\;C:\Users\ahabn\AppData\Local\Programs\Python\Python312\;C:\Users\ahabn\AppData\Local\Programs\Python\Launcher\;C:\Users\ahabn\AppData\Local\Microsoft\WindowsApps;C:\Users\ahabn\AppData\Local\Programs\Microsoft VS Code\bin;C:\Users\ahabn\AppData\Roaming\npm;C:\Users\ahabn\AppData\Local\Programs\mongosh\;C:\MinGW\bin;C:\Users\ahabn\AppData\Local\bin\NASM
USERNAME=ahabn
OS=Windows_NT
PROCESSOR_IDENTIFIER=AMD64 Family 23 Model 24 Stepping 1, AuthenticAMD



---------------  S Y S T E M  ---------------

OS: Windows 8 , 64 bit Build 9200 

CPU:total 8 (8 cores per cpu, 1 threads per core) family 23 model 24 stepping 1, cmov, cx8, fxsr, mmx, sse, sse2, sse3, ssse3, sse4.1, sse4.2, popcnt, avx, avx2, mmxext, 3dnowpref, lzcnt, sse4a, tsc, tscinvbit, tscinv

Memory: 4k page, physical 6200744k(1363716k free), swap 7773608k(1460468k free)

vm_info: Java HotSpot(TM) Server VM (23.7-b01) for windows-x86 JRE (1.7.0_17-b02), built on Mar  1 2013 05:01:01 by "java_re" with unknown MS VC++:1600

time: Thu Oct 17 13:31:55 2024
elapsed time: 0 seconds

