#
# A fatal error has been detected by the Java Runtime Environment:
#
#  EXCEPTION_UNCAUGHT_CXX_EXCEPTION (0xe06d7363) at pc=0x00007ffc5318b699, pid=9064, tid=10024
#
# JRE version: 7.0_17-b02
# Java VM: Java HotSpot(TM) 64-Bit Server VM (23.7-b01 mixed mode windows-amd64 compressed oops)
# Problematic frame:
# C  [KERNELBASE.dll+0x3b699]  RaiseException+0x69
#
# Failed to write core dump. Minidumps are not enabled by default on client versions of Windows
#
# If you would like to submit a bug report, please visit:
#   http://bugreport.sun.com/bugreport/crash.jsp
# The crash happened outside the Java Virtual Machine in native code.
# See problematic frame for where to report the bug.
#

---------------  T H R E A D  ---------------

Current thread (0x000000001c2cb000):  JavaThread "main" [_thread_in_native, id=10024, stack(0x000000001d420000,0x000000001d520000)]

siginfo: ExceptionCode=0xe06d7363, ExceptionInformation=0x0000000019930520 0x000000001d51e348 0x00000000009f1910 0x0000000000950000 

Registers:
RAX=0x8162b3cc540f04f1, RBX=0x000000001d51d9f0, RCX=0x73e2b248a94c45b9, RDX=0xf1962afb84b155dc
RSP=0x000000001d51bc40, RBP=0x000000001d51c310, RSI=0x000000001d51e1c0, RDI=0x000000001d51cab0
R8 =0x39893331f83aee10, R9 =0x7222936bf83aefd0, R10=0x3a26bad9e660b14e, R11=0x8bd12d0200000000
R12=0x000000001d51e560, R13=0x000000001d51d0b8, R14=0x0000000000000000, R15=0x000000001d51bd98
RIP=0x00007ffc5318b699, EFLAGS=0x0000000000000206

Top of Stack: (sp=0x000000001d51bc40)
0x000000001d51bc40:   000000001c34f2b0 000000001d51d9f0
0x000000001d51bc50:   000000001d51e1c0 00007ffc531b055b
0x000000001d51bc60:   00000001e06d7363 0000000000000000
0x000000001d51bc70:   00007ffc5318b699 0000000000000004
0x000000001d51bc80:   0000000019930520 000000001d51e348
0x000000001d51bc90:   00000000009f1910 0000000000950000
0x000000001d51bca0:   00006c72cadf9dd5 00000000009c8110
0x000000001d51bcb0:   000000001d51d9f0 000000007101334a
0x000000001d51bcc0:   0000000000000000 000000001c2cfd20
0x000000001d51bcd0:   00000000000000e8 000000001d51cab0
0x000000001d51bce0:   000000001d51cab0 000000007101336b
0x000000001d51bcf0:   000000001d51d9f0 000000001d51e560
0x000000001d51bd00:   0000347e8723dbf6 000000001c30004f
0x000000001d51bd10:   000000001d51d9f0 0000000071053bb8
0x000000001d51bd20:   00000000009c80e0 000000001d51d0b8
0x000000001d51bd30:   0000000000000100 000000000000000e 

Instructions: (pc=0x00007ffc5318b699)
0x00007ffc5318b679:   8b d1 44 0f 47 c0 44 89 44 24 38 49 c1 e0 03 e8
0x00007ffc5318b689:   ea 27 08 00 48 8d 4c 24 20 48 ff 15 6f fb 1a 00
0x00007ffc5318b699:   0f 1f 44 00 00 48 8b 8c 24 c0 00 00 00 48 33 cc
0x00007ffc5318b6a9:   e8 f2 b0 05 00 48 81 c4 d8 00 00 00 c3 cc 83 64 


Register to memory mapping:

RAX=0x8162b3cc540f04f1 is an unknown value
RBX=0x000000001d51d9f0 is pointing into the stack for thread: 0x000000001c2cb000
RCX=0x73e2b248a94c45b9 is an unknown value
RDX=0xf1962afb84b155dc is an unknown value
RSP=0x000000001d51bc40 is pointing into the stack for thread: 0x000000001c2cb000
RBP=0x000000001d51c310 is pointing into the stack for thread: 0x000000001c2cb000
RSI=0x000000001d51e1c0 is pointing into the stack for thread: 0x000000001c2cb000
RDI=0x000000001d51cab0 is pointing into the stack for thread: 0x000000001c2cb000
R8 =0x39893331f83aee10 is an unknown value
R9 =0x7222936bf83aefd0 is an unknown value
R10=0x3a26bad9e660b14e is an unknown value
R11=0x8bd12d0200000000 is an unknown value
R12=0x000000001d51e560 is pointing into the stack for thread: 0x000000001c2cb000
R13=0x000000001d51d0b8 is pointing into the stack for thread: 0x000000001c2cb000
R14=0x0000000000000000 is an unknown value
R15=0x000000001d51bd98 is pointing into the stack for thread: 0x000000001c2cb000


Stack: [0x000000001d420000,0x000000001d520000],  sp=0x000000001d51bc40,  free space=1007k
Native frames: (J=compiled Java code, j=interpreted, Vv=VM code, C=native code)
C  [KERNELBASE.dll+0x3b699]  RaiseException+0x69
C  0x000000001d51c970

Java frames: (J=compiled Java code, j=interpreted, Vv=VM code)
j  ui.data.common.parami.ParamMgr_getValueAsBool(JLjava/lang/String;)Z+0
j  ui.data.common.F.jw(Ljava/lang/String;)Z+5
j  ui.data.common.F.aWC()Z+5
j  ui.h.I.aWC()Z+6
j  ui.aL.aGY()Ljava/lang/String;+0
j  ui.PlanAhead.<clinit>()V+316
v  ~StubRoutines::call_stub

---------------  P R O C E S S  ---------------

Java Threads: ( => current thread )
  0x00000000243d0800 JavaThread "Service Thread" daemon [_thread_blocked, id=6412, stack(0x000000002ac00000,0x000000002af00000)]
  0x00000000243c0800 JavaThread "C1 CompilerThread3" daemon [_thread_blocked, id=6428, stack(0x000000002ab00000,0x000000002ac00000)]
  0x00000000243b0800 JavaThread "C2 CompilerThread2" daemon [_thread_blocked, id=6996, stack(0x000000002aa00000,0x000000002ab00000)]
  0x00000000243a0800 JavaThread "C2 CompilerThread1" daemon [_thread_blocked, id=8180, stack(0x000000002a900000,0x000000002aa00000)]
  0x0000000024390800 JavaThread "C2 CompilerThread0" daemon [_thread_blocked, id=9844, stack(0x000000002a800000,0x000000002a900000)]
  0x0000000029700800 JavaThread "Attach Listener" daemon [_thread_blocked, id=13256, stack(0x000000002a500000,0x000000002a800000)]
  0x00000000296f0800 JavaThread "Signal Dispatcher" daemon [_thread_blocked, id=3128, stack(0x000000002a200000,0x000000002a500000)]
  0x00000000296f2800 JavaThread "Surrogate Locker Thread (Concurrent GC)" daemon [_thread_blocked, id=4836, stack(0x0000000029f00000,0x000000002a200000)]
  0x0000000024861800 JavaThread "Finalizer" daemon [_thread_blocked, id=11528, stack(0x0000000029c00000,0x0000000029f00000)]
  0x0000000024863800 JavaThread "Reference Handler" daemon [_thread_blocked, id=13580, stack(0x0000000029900000,0x0000000029c00000)]
=>0x000000001c2cb000 JavaThread "main" [_thread_in_native, id=10024, stack(0x000000001d420000,0x000000001d520000)]

Other Threads:
  0x0000000024822000 VMThread [stack: 0x0000000029800000,0x0000000029900000] [id=9040]
  0x00000000243e1000 WatcherThread [stack: 0x000000002b000000,0x000000002b100000] [id=6336]

VM state:not at safepoint (normal execution)

VM Mutex/Monitor currently owned by a thread: None

Heap
 par new generation   total 55296K, used 4043K [0x0000000778000000, 0x000000077bc00000, 0x000000077bc00000)
  eden space 49152K,   8% used [0x0000000778000000, 0x00000007783f2ce8, 0x000000077b000000)
  from space 6144K,   0% used [0x000000077b000000, 0x000000077b000000, 0x000000077b600000)
  to   space 6144K,   0% used [0x000000077b600000, 0x000000077b600000, 0x000000077bc00000)
 concurrent mark-sweep generation total 69632K, used 0K [0x000000077bc00000, 0x0000000780000000, 0x00000007f8000000)
 concurrent-mark-sweep perm gen total 131072K, used 5138K [0x00000007f8000000, 0x0000000800000000, 0x0000000800000000)

Card table byte_map: [0x0000000023ec0000,0x0000000024310000] byte_map_base: 0x0000000020300000

Polling page: 0x000000001d520000

Code Cache  [0x000000001d540000, 0x000000001d7b0000, 0x0000000023540000)
 total_blobs=398 nmethods=113 adapters=203 free_code_cache=97026Kb largest_free_block=99354368

Compilation events (10 events):
Event: 1.649 Thread 0x00000000243c0800  108  s    3       java.io.BufferedInputStream::read (49 bytes)
Event: 1.650 Thread 0x00000000243c0800 nmethod 108 0x000000001d67d350 code [0x000000001d67d4e0, 0x000000001d67da58]
Event: 1.650 Thread 0x00000000243c0800  109       3       java.io.DataInputStream::readInt (72 bytes)
Event: 1.650 Thread 0x00000000243c0800 nmethod 109 0x000000001d67dc10 code [0x000000001d67dde0, 0x000000001d67e3c8]
Event: 1.655 Thread 0x00000000243c0800  110       3       java.lang.String::endsWith (17 bytes)
Event: 1.656 Thread 0x00000000243c0800 nmethod 110 0x000000001d67e810 code [0x000000001d67e980, 0x000000001d67ebe8]
Event: 1.677 Thread 0x00000000243c0800  112       3       java.nio.Buffer::checkIndex (22 bytes)
Event: 1.677 Thread 0x00000000243c0800 nmethod 112 0x000000001d67f0d0 code [0x000000001d67f240, 0x000000001d67f508]
Event: 1.678 Thread 0x00000000243c0800  113       3       java.nio.DirectLongBufferU::ix (10 bytes)
Event: 1.678 Thread 0x00000000243c0800 nmethod 113 0x000000001d67f5d0 code [0x000000001d67f720, 0x000000001d67f8b0]

GC Heap History (0 events):
No events

Deoptimization events (0 events):
No events

Internal exceptions (10 events):
Event: 1.483 Thread 0x000000001c2cb000 Threw 0x00000007782d8568 at C:\jdk7u2_64p\jdk7u17\hotspot\src\share\vm\prims\jvm.cpp:1166
Event: 1.483 Thread 0x000000001c2cb000 Threw 0x00000007782d9d40 at C:\jdk7u2_64p\jdk7u17\hotspot\src\share\vm\prims\jvm.cpp:1166
Event: 1.567 Thread 0x000000001c2cb000 Threw 0x00000007782dca88 at C:\jdk7u2_64p\jdk7u17\hotspot\src\share\vm\prims\jni.cpp:716
Event: 1.602 Thread 0x000000001c2cb000 Threw 0x00000007782f5cc8 at C:\jdk7u2_64p\jdk7u17\hotspot\src\share\vm\prims\jvm.cpp:1166
Event: 1.603 Thread 0x000000001c2cb000 Threw 0x00000007782ffe30 at C:\jdk7u2_64p\jdk7u17\hotspot\src\share\vm\prims\jvm.cpp:1166
Event: 1.604 Thread 0x000000001c2cb000 Threw 0x0000000778303c20 at C:\jdk7u2_64p\jdk7u17\hotspot\src\share\vm\prims\jvm.cpp:1166
Event: 1.605 Thread 0x000000001c2cb000 Threw 0x00000007783072b8 at C:\jdk7u2_64p\jdk7u17\hotspot\src\share\vm\prims\jvm.cpp:1166
Event: 1.606 Thread 0x000000001c2cb000 Threw 0x000000077830cfe8 at C:\jdk7u2_64p\jdk7u17\hotspot\src\share\vm\prims\jvm.cpp:1166
Event: 1.607 Thread 0x000000001c2cb000 Threw 0x000000077831eb10 at C:\jdk7u2_64p\jdk7u17\hotspot\src\share\vm\prims\jvm.cpp:1166
Event: 1.657 Thread 0x000000001c2cb000 Threw 0x000000077833e668 at C:\jdk7u2_64p\jdk7u17\hotspot\src\share\vm\prims\jvm.cpp:1166

Events (10 events):
Event: 1.655 loading class 0x0000000029793560
Event: 1.655 loading class 0x0000000029793560 done
Event: 1.655 loading class 0x000000001c315120
Event: 1.655 loading class 0x000000001c315120 done
Event: 1.655 loading class 0x000000002c232d80
Event: 1.655 loading class 0x000000002c232d80 done
Event: 1.656 loading class 0x000000002c232e70
Event: 1.656 loading class 0x000000002c232e70 done
Event: 1.657 loading class 0x00000000297a7da0
Event: 1.657 loading class 0x00000000297a7da0 done


Dynamic libraries:
0x0000000140000000 - 0x000000014000e000 	C:\Xilinx\14.7\ISE_DS\PlanAhead\bin\unwrapped\win64.o\planAhead.exe
0x00007ffc55910000 - 0x00007ffc55b08000 	C:\WINDOWS\SYSTEM32\ntdll.dll
0x00007ffc53ae0000 - 0x00007ffc53ba2000 	C:\WINDOWS\System32\KERNEL32.DLL
0x00007ffc53150000 - 0x00007ffc5344e000 	C:\WINDOWS\System32\KERNELBASE.dll
0x00007ffc4f100000 - 0x00007ffc4f194000 	C:\WINDOWS\SYSTEM32\apphelp.dll
0x0000000180000000 - 0x0000000180016000 	C:\Xilinx\14.7\ISE_DS\PlanAhead\lib\win64.o\librdi_commonmain.dll
0x0000000071010000 - 0x00000000710b3000 	C:\WINDOWS\WinSxS\amd64_microsoft.vc90.crt_1fc8b3b9a1e18e3b_9.0.30729.9625_none_08e1c10da83fbc83\MSVCR90.dll
0x000000000a900000 - 0x000000000a945000 	C:\Xilinx\14.7\ISE_DS\PlanAhead\lib\win64.o\SHSMP64.dll
0x00007ffc55620000 - 0x00007ffc557bd000 	C:\WINDOWS\System32\USER32.dll
0x00007ffc53840000 - 0x00007ffc53862000 	C:\WINDOWS\System32\win32u.dll
0x00007ffc551d0000 - 0x00007ffc551fb000 	C:\WINDOWS\System32\GDI32.dll
0x00007ffc53450000 - 0x00007ffc53567000 	C:\WINDOWS\System32\gdi32full.dll
0x00007ffc52fb0000 - 0x00007ffc5304d000 	C:\WINDOWS\System32\msvcp_win.dll
0x00007ffc53050000 - 0x00007ffc53150000 	C:\WINDOWS\System32\ucrtbase.dll
0x00007ffc547f0000 - 0x00007ffc548a2000 	C:\WINDOWS\System32\ADVAPI32.dll
0x00007ffc55580000 - 0x00007ffc5561e000 	C:\WINDOWS\System32\msvcrt.dll
0x00007ffc55820000 - 0x00007ffc558c0000 	C:\WINDOWS\System32\sechost.dll
0x00007ffc53930000 - 0x00007ffc53a53000 	C:\WINDOWS\System32\RPCRT4.dll
0x00007ffc53600000 - 0x00007ffc53627000 	C:\WINDOWS\System32\bcrypt.dll
0x00007ffc4a5c0000 - 0x00007ffc4a5ca000 	C:\WINDOWS\SYSTEM32\VERSION.dll
0x0000000010000000 - 0x000000001012a000 	C:\Xilinx\14.7\ISE_DS\PlanAhead\lib\win64.o\tcl85t.dll
0x00007ffc54770000 - 0x00007ffc547db000 	C:\WINDOWS\System32\WS2_32.dll
0x00000000004d0000 - 0x00000000004e3000 	C:\Xilinx\14.7\ISE_DS\PlanAhead\lib\win64.o\libboost_signals.dll
0x0000000000500000 - 0x0000000000527000 	C:\Xilinx\14.7\ISE_DS\PlanAhead\lib\win64.o\libboost_filesystem.dll
0x0000000000950000 - 0x0000000000a3e000 	C:\Xilinx\14.7\ISE_DS\PlanAhead\lib\win64.o\stlport.5.2.dll
0x0000000000a40000 - 0x00000000012c1000 	C:\Xilinx\14.7\ISE_DS\PlanAhead\lib\win64.o\librdi_common.dll
0x0000000070f30000 - 0x0000000071003000 	C:\WINDOWS\WinSxS\amd64_microsoft.vc90.crt_1fc8b3b9a1e18e3b_9.0.30729.9625_none_08e1c10da83fbc83\MSVCP90.dll
0x00007ffc558c0000 - 0x00007ffc558c8000 	C:\WINDOWS\System32\PSAPI.DLL
0x00007ffc54980000 - 0x00007ffc550ef000 	C:\WINDOWS\System32\SHELL32.dll
0x0000000070810000 - 0x0000000070f2f000 	C:\Xilinx\14.7\ISE_DS\PlanAhead\tps\win64\jre\bin\server\jvm.dll
0x00007ffc3b730000 - 0x00007ffc3bc08000 	C:\WINDOWS\SYSTEM32\WININET.dll
0x00007ffc4a4b0000 - 0x00007ffc4a5bd000 	C:\WINDOWS\SYSTEM32\WINHTTP.dll
0x00007ffc40640000 - 0x00007ffc4082c000 	C:\WINDOWS\SYSTEM32\urlmon.dll
0x00007ffc50630000 - 0x00007ffc50639000 	C:\WINDOWS\SYSTEM32\WSOCK32.dll
0x00007ffc48970000 - 0x00007ffc48997000 	C:\WINDOWS\SYSTEM32\WINMM.dll
0x0000000070730000 - 0x0000000070802000 	C:\WINDOWS\SYSTEM32\MSVCR100.dll
0x00007ffc3f920000 - 0x00007ffc3fbde000 	C:\WINDOWS\SYSTEM32\iertutil.dll
0x00007ffc54350000 - 0x00007ffc546a3000 	C:\WINDOWS\System32\combase.dll
0x00007ffc550f0000 - 0x00007ffc5519d000 	C:\WINDOWS\System32\shcore.dll
0x00007ffc3f8f0000 - 0x00007ffc3f918000 	C:\WINDOWS\SYSTEM32\srvcli.dll
0x00007ffc52460000 - 0x00007ffc5246c000 	C:\WINDOWS\SYSTEM32\netutils.dll
0x0000000012000000 - 0x0000000012282000 	C:\Xilinx\14.7\ISE_DS\PlanAhead\lib\win64.o\xerces-c_3_1.dll
0x00000000012f0000 - 0x00000000012f9000 	C:\Xilinx\14.7\ISE_DS\PlanAhead\lib\win64.o\libboost_system.dll
0x0000000001300000 - 0x000000000130f000 	C:\Xilinx\14.7\ISE_DS\PlanAhead\lib\win64.o\libboost_date_time.dll
0x0000000001320000 - 0x0000000001609000 	C:\Xilinx\14.7\ISE_DS\PlanAhead\lib\win64.o\libCOIN-all.dll
0x0000000001620000 - 0x0000000001691000 	C:\Xilinx\14.7\ISE_DS\PlanAhead\lib\win64.o\libboost_program_options.dll
0x00000000016c0000 - 0x000000000176f000 	C:\Xilinx\14.7\ISE_DS\PlanAhead\lib\win64.o\libboost_regex.dll
0x0000000001770000 - 0x0000000001786000 	C:\Xilinx\14.7\ISE_DS\PlanAhead\lib\win64.o\libboost_thread.dll
0x0000000001790000 - 0x00000000017d3000 	C:\Xilinx\14.7\ISE_DS\PlanAhead\lib\win64.o\libcurl.dll
0x00007ffc54710000 - 0x00007ffc5476d000 	C:\WINDOWS\System32\WLDAP32.dll
0x00000000017e0000 - 0x0000000001863000 	C:\Xilinx\14.7\ISE_DS\PlanAhead\lib\win64.o\libhdlpsolve.dll
0x0000000001870000 - 0x0000000001aaa000 	C:\Xilinx\14.7\ISE_DS\PlanAhead\lib\win64.o\libSecurity.dll
0x0000000001ac0000 - 0x0000000001ae9000 	C:\Xilinx\14.7\ISE_DS\PlanAhead\lib\win64.o\libisl_sysinfo.dll
0x0000000001b70000 - 0x0000000001c27000 	C:\Xilinx\14.7\ISE_DS\PlanAhead\lib\win64.o\libhdxml.dll
0x0000000001b10000 - 0x0000000001b22000 	C:\Xilinx\14.7\ISE_DS\PlanAhead\lib\win64.o\pthreadVC.dll
0x0000000001b30000 - 0x0000000001b46000 	C:\Xilinx\14.7\ISE_DS\PlanAhead\lib\win64.o\librdiconfig.dll
0x00007ffc54140000 - 0x00007ffc5421a000 	C:\WINDOWS\System32\COMDLG32.dll
0x00007ffc546b0000 - 0x00007ffc54705000 	C:\WINDOWS\System32\SHLWAPI.dll
0x00007ffc548b0000 - 0x00007ffc5497d000 	C:\WINDOWS\System32\OLEAUT32.dll
0x00007ffc54220000 - 0x00007ffc5434b000 	C:\WINDOWS\System32\ole32.dll
0x0000000001c40000 - 0x0000000001c5e000 	C:\Xilinx\14.7\ISE_DS\PlanAhead\lib\win64.o\librdizlib.dll
0x00007ffc538c0000 - 0x00007ffc53929000 	C:\WINDOWS\System32\WINTRUST.dll
0x00007ffc536e0000 - 0x00007ffc5383c000 	C:\WINDOWS\System32\CRYPT32.dll
0x0000000001c60000 - 0x00000000021a30d3 	C:\Xilinx\14.7\ISE_DS\PlanAhead\lib\win64.o\libisl_iostreams.dll
0x00007ffc40830000 - 0x00007ffc40849000 	C:\WINDOWS\SYSTEM32\NETAPI32.dll
0x00007ffc2b790000 - 0x00007ffc2b840000 	C:\WINDOWS\WinSxS\amd64_microsoft.windows.common-controls_6595b64144ccf1df_5.82.19041.4355_none_792ecafd2442822f\COMCTL32.dll
0x00000000021f0000 - 0x00000000021fc000 	C:\Xilinx\14.7\ISE_DS\PlanAhead\lib\win64.o\libboost_chrono.dll
0x0000000002200000 - 0x0000000002219000 	C:\Xilinx\14.7\ISE_DS\PlanAhead\lib\win64.o\libboost_iostreams.dll
0x00007ffc551a0000 - 0x00007ffc551cf000 	C:\WINDOWS\System32\IMM32.DLL
0x00007ffc52aa0000 - 0x00007ffc52ab2000 	C:\WINDOWS\SYSTEM32\MSASN1.dll
0x0000000005680000 - 0x0000000005973000 	C:\Xilinx\14.7\ISE_DS\PlanAhead\lib\win64.o\librdi_commontasks.dll
0x00007ffc51030000 - 0x00007ffc517d4000 	C:\WINDOWS\SYSTEM32\windows.storage.dll
0x00007ffc52910000 - 0x00007ffc5293e000 	C:\WINDOWS\SYSTEM32\Wldp.dll
0x0000000008e40000 - 0x0000000009480000 	C:\Xilinx\14.7\ISE_DS\PlanAhead\lib\win64.o\librdi_coretasks.dll
0x0000000009480000 - 0x0000000009647000 	C:\Xilinx\14.7\ISE_DS\PlanAhead\lib\win64.o\librdi_chipscope.dll
0x000000000a950000 - 0x000000000bc1c000 	C:\Xilinx\14.7\ISE_DS\PlanAhead\lib\win64.o\librdi_coregen.dll
0x0000000009650000 - 0x000000000a670000 	C:\Xilinx\14.7\ISE_DS\PlanAhead\lib\win64.o\librdi_constraints.dll
0x000000000bc20000 - 0x000000000bf34000 	C:\Xilinx\14.7\ISE_DS\PlanAhead\lib\win64.o\librdi_drc.dll
0x000000000bf40000 - 0x000000000f591000 	C:\Xilinx\14.7\ISE_DS\PlanAhead\lib\win64.o\librdi_designutils.dll
0x0000000010130000 - 0x0000000010d0a000 	C:\Xilinx\14.7\ISE_DS\PlanAhead\lib\win64.o\librdi_device.dll
0x000000000a670000 - 0x000000000a8fe000 	C:\Xilinx\14.7\ISE_DS\PlanAhead\lib\win64.o\librdi_filemgmt.dll
0x000000000f5a0000 - 0x000000000f976000 	C:\Xilinx\14.7\ISE_DS\PlanAhead\lib\win64.o\librdi_netlist.dll
0x000000000f980000 - 0x000000000fea2000 	C:\Xilinx\14.7\ISE_DS\PlanAhead\lib\win64.o\librdi_power.dll
0x0000000010d10000 - 0x0000000011e33000 	C:\Xilinx\14.7\ISE_DS\PlanAhead\lib\win64.o\librdi_place.dll
0x0000000012290000 - 0x0000000012643000 	C:\Xilinx\14.7\ISE_DS\PlanAhead\lib\win64.o\librdi_project.dll
0x0000000012650000 - 0x0000000012bed000 	C:\Xilinx\14.7\ISE_DS\PlanAhead\lib\win64.o\librdi_rsb.dll
0x0000000012bf0000 - 0x0000000012fe8000 	C:\Xilinx\14.7\ISE_DS\PlanAhead\lib\win64.o\librdi_runs.dll
0x0000000012ff0000 - 0x0000000013ac8000 	C:\Xilinx\14.7\ISE_DS\PlanAhead\lib\win64.o\librdi_timing.dll
0x0000000070710000 - 0x0000000070721000 	C:\WINDOWS\WinSxS\amd64_microsoft.vc90.openmp_1fc8b3b9a1e18e3b_9.0.30729.6161_none_390d35aa0a1f21f9\VCOMP90.DLL
0x000000000ff30000 - 0x000000000ff9e000 	C:\Xilinx\14.7\ISE_DS\PlanAhead\lib\win64.o\liblmx6.0.dll
0x0000000013ad0000 - 0x0000000014014000 	C:\Xilinx\14.7\ISE_DS\PlanAhead\lib\win64.o\librdi_xdm.dll
0x0000000011e40000 - 0x0000000011ebd000 	C:\Xilinx\14.7\ISE_DS\PlanAhead\lib\win64.o\libboost_serialization.dll
0x0000000014020000 - 0x00000000147ef000 	C:\Xilinx\14.7\ISE_DS\PlanAhead\lib\win64.o\librdi_coregenipxact.dll
0x00000000147f0000 - 0x0000000014f90000 	C:\Xilinx\14.7\ISE_DS\PlanAhead\lib\win64.o\libverific.dll
0x000000000fff0000 - 0x000000000fff8000 	C:\Xilinx\14.7\ISE_DS\PlanAhead\lib\win64.o\libpsta_dllwrapper.dll
0x0000000014f90000 - 0x00000000154cb000 	C:\Xilinx\14.7\ISE_DS\PlanAhead\lib\win64.o\librdi_memdata.dll
0x00000000154d0000 - 0x0000000016bff000 	C:\Xilinx\14.7\ISE_DS\PlanAhead\lib\win64.o\librdi_synth.dll
0x0000000016c00000 - 0x0000000016e2a000 	C:\Xilinx\14.7\ISE_DS\PlanAhead\lib\win64.o\librdi_labtools.dll
0x0000000016e30000 - 0x000000001741e000 	C:\Xilinx\14.7\ISE_DS\PlanAhead\lib\win64.o\librdi_route.dll
0x0000000017420000 - 0x00000000179fc000 	C:\Xilinx\14.7\ISE_DS\PlanAhead\lib\win64.o\librdi_abc_nomp.dll
0x0000000011ef0000 - 0x0000000011f80000 	C:\Xilinx\14.7\ISE_DS\PlanAhead\lib\win64.o\libise.dll
0x0000000017a00000 - 0x0000000017e3e000 	C:\Xilinx\14.7\ISE_DS\PlanAhead\lib\win64.o\librdi_ip.dll
0x0000000017e40000 - 0x0000000017f68000 	C:\Xilinx\14.7\ISE_DS\PlanAhead\lib\win64.o\librdi_dlyest.dll
0x0000000011fb0000 - 0x0000000011fca000 	C:\Xilinx\14.7\ISE_DS\PlanAhead\lib\win64.o\librdi_hmetis.dll
0x0000000017f80000 - 0x0000000017fbd000 	C:\Xilinx\14.7\ISE_DS\PlanAhead\lib\win64.o\librdi_simbridge_kernel.dll
0x0000000017fd0000 - 0x0000000018446000 	C:\Xilinx\14.7\ISE_DS\PlanAhead\lib\win64.o\librdi_wavedata.dll
0x0000000019960000 - 0x000000001ba18000 	C:\Xilinx\14.7\ISE_DS\PlanAhead\lib\win64.o\librdi_tcltasks.dll
0x000000001ba30000 - 0x000000001bca4000 	C:\Xilinx\14.7\ISE_DS\PlanAhead\lib\win64.o\librdi_bitstream.dll
0x000000001bcc0000 - 0x000000001bd94000 	C:\Xilinx\14.7\ISE_DS\PlanAhead\lib\win64.o\librdi_dsp.dll
0x000000001bda0000 - 0x000000001be0e000 	C:\Xilinx\14.7\ISE_DS\PlanAhead\lib\win64.o\librdi_edk.dll
0x000000001be20000 - 0x000000001c02e000 	C:\Xilinx\14.7\ISE_DS\PlanAhead\lib\win64.o\librdi_simdata.dll
0x000000001c350000 - 0x000000001c4a6000 	C:\Xilinx\14.7\ISE_DS\PlanAhead\lib\win64.o\librdi_planaheadtasks.dll
0x000000001c4c0000 - 0x000000001d308000 	C:\Xilinx\14.7\ISE_DS\PlanAhead\lib\win64.o\librdi_ipservicestasks.dll
0x0000000070700000 - 0x000000007070f000 	C:\Xilinx\14.7\ISE_DS\PlanAhead\tps\win64\jre\bin\verify.dll
0x00000000706d0000 - 0x00000000706f8000 	C:\Xilinx\14.7\ISE_DS\PlanAhead\tps\win64\jre\bin\java.dll
0x00000000706b0000 - 0x00000000706c5000 	C:\Xilinx\14.7\ISE_DS\PlanAhead\tps\win64\jre\bin\zip.dll
0x0000000070690000 - 0x00000000706a9000 	C:\Xilinx\14.7\ISE_DS\PlanAhead\tps\win64\jre\bin\net.dll
0x00007ffc52670000 - 0x00007ffc526da000 	C:\WINDOWS\system32\mswsock.dll
0x0000000070670000 - 0x0000000070681000 	C:\Xilinx\14.7\ISE_DS\PlanAhead\tps\win64\jre\bin\nio.dll
0x000000002b300000 - 0x000000002b5e6000 	C:\Xilinx\14.7\ISE_DS\PlanAhead\lib\win64.o\librdi_fed.dll
0x000000002b600000 - 0x000000002b861000 	C:\Xilinx\14.7\ISE_DS\PlanAhead\lib\win64.o\librdi_guitools.dll
0x000000002b880000 - 0x000000002b887000 	C:\Xilinx\14.7\ISE_DS\PlanAhead\lib\win64.o\librdi_commonx11.dll
0x000000002b9a0000 - 0x000000002bd8e000 	C:\Xilinx\14.7\ISE_DS\PlanAhead\lib\win64.o\librdi_rsbtasks.dll
0x000000002bda0000 - 0x000000002bfe9000 	C:\Xilinx\14.7\ISE_DS\PlanAhead\lib\win64.o\librdi_labtoolstasks.dll
0x000000002c000000 - 0x000000002c1b8000 	C:\Xilinx\14.7\ISE_DS\PlanAhead\lib\win64.o\librdi_simtcltasks.dll
0x00000000704d0000 - 0x0000000070663000 	C:\Xilinx\14.7\ISE_DS\PlanAhead\tps\win64\jre\bin\awt.dll
0x00007ffc3d810000 - 0x00007ffc3d9f4000 	C:\WINDOWS\SYSTEM32\dbghelp.dll
0x00007ffc53570000 - 0x00007ffc535f2000 	C:\WINDOWS\System32\bcryptPrimitives.dll

VM Arguments:
jvm_args: -Dsun.java2d.pmoffscreen=false -Xverify:none -Dswing.aatext=true -XX:-UsePerfData -Djdk.map.althashing.threshold=512 -XX:PermSize=128m -XX:MaxPermSize=128m -XX:NewSize=60m -XX:MaxNewSize=60m -XX:+UseConcMarkSweepGC -XX:+UseParNewGC -XX:+CMSParallelRemarkEnabled -XX:+CMSScavengeBeforeRemark -XX:+UseNUMA -XX:+AggressiveOpts -XX:+UseFastAccessorMethods -XX:+UseFastEmptyMethods -XX:+UseBiasedLocking -XX:+TieredCompilation -Xms128m -Xmx2048m -Xss3m 
java_command: <unknown>
Launcher Type: generic

Environment Variables:
PATH=C:/Xilinx/14.7/ISE_DS/PlanAhead/bin;C:/Xilinx/14.7/ISE_DS/PlanAhead/lib/win64.o;C:/Xilinx/14.7/ISE_DS/PlanAhead/tps/win64/jre/bin/server;C:/Xilinx/14.7/ISE_DS/PlanAhead/tps/win64/jre/bin;C:/Xilinx/14.7/ISE_DS/EDK/bin/nt64;C:/Xilinx/14.7/ISE_DS/EDK/lib/nt64;C:/Xilinx/14.7/ISE_DS/ISE/bin/nt64;C:/Xilinx/14.7/ISE_DS/ISE/lib/nt64;C:/Xilinx/14.7/ISE_DS/common/bin/nt64;C:/Xilinx/14.7/ISE_DS/common/lib/nt64;C:\Xilinx\14.7\ISE_DS\ISE\\lib\nt;C:\Xilinx\14.7\ISE_DS\ISE\\bin\nt;C:\Xilinx\14.7\ISE_DS\ISE\bin\nt;C:\Xilinx\14.7\ISE_DS\ISE\lib\nt;C:\Xilinx\14.7\ISE_DS\ISE\..\..\..\DocNav;C:\Xilinx\14.7\ISE_DS\PlanAhead\bin;C:\Xilinx\14.7\ISE_DS\EDK\bin\nt;C:\Xilinx\14.7\ISE_DS\EDK\lib\nt;C:\Xilinx\14.7\ISE_DS\EDK\gnu\microblaze\nt\bin;C:\Xilinx\14.7\ISE_DS\EDK\gnu\powerpc-eabi\nt\bin;C:\Xilinx\14.7\ISE_DS\EDK\gnuwin\bin;C:\Xilinx\14.7\ISE_DS\EDK\gnu\arm\nt\bin;C:\Xilinx\14.7\ISE_DS\EDK\gnu\microblaze\linux_toolchain\nt_be\bin;C:\Xilinx\14.7\ISE_DS\EDK\gnu\microblaze\linux_toolchain\nt_le\bin;C:\Xilinx\14.7\ISE_DS\common\bin\nt;C:\Xilinx\14.7\ISE_DS\common\lib\nt;C:\WINDOWS\system32;C:\WINDOWS;C:\WINDOWS\System32\Wbem;C:\WINDOWS\System32\WindowsPowerShell\v1.0\;C:\WINDOWS\System32\OpenSSH\;C:\Program Files\nodejs\;C:\Program Files\Git\cmd;C:\Users\ahabn\AppData\Local\Programs\Python\Python312\Scripts\;C:\Users\ahabn\AppData\Local\Programs\Python\Python312\;C:\Users\ahabn\AppData\Local\Programs\Python\Launcher\;C:\Users\ahabn\AppData\Local\Microsoft\WindowsApps;C:\Users\ahabn\AppData\Local\Programs\Microsoft VS Code\bin;C:\Users\ahabn\AppData\Roaming\npm;C:\Users\ahabn\AppData\Local\Programs\mongosh\;C:\MinGW\bin;C:\Users\ahabn\AppData\Local\bin\NASM
USERNAME=ahabn
OS=Windows_NT
PROCESSOR_IDENTIFIER=AMD64 Family 23 Model 24 Stepping 1, AuthenticAMD



---------------  S Y S T E M  ---------------

OS: Windows 8 , 64 bit Build 9200 

CPU:total 8 (8 cores per cpu, 1 threads per core) family 23 model 24 stepping 1, cmov, cx8, fxsr, mmx, sse, sse2, sse3, ssse3, sse4.1, sse4.2, popcnt, avx, avx2, mmxext, 3dnowpref, lzcnt, sse4a, tsc, tscinvbit, tscinv

Memory: 4k page, physical 6200744k(2352804k free), swap 7773608k(2656200k free)

vm_info: Java HotSpot(TM) 64-Bit Server VM (23.7-b01) for windows-amd64 JRE (1.7.0_17-b02), built on Mar  1 2013 03:38:30 by "java_re" with unknown MS VC++:1600

time: Thu Oct 17 13:15:24 2024
elapsed time: 1 seconds

