ISim log file
Running: C:\Users\ahabn\Desktop\New folder\projects\dedicated processor\Dedicated_processor\microprocessor_isim_beh.exe -intstyle ise -gui -tclbatch isim.cmd -wdb C:/Users/ahabn/Desktop/New folder/projects/dedicated processor/Dedicated_processor/microprocessor_isim_beh.wdb 
ISim P.20131013 (signature 0x7708f090)
This is a Full version of ISim.
Time resolution is 1 ps
# onerror resume
# wave add /
# run 1000 ns
Simulator is doing circuit initialization process.
Finished circuit initialization process.
# isim force add /microprocessor/clk 0 -radix bin -value 1 -radix bin -time 500 ns -repeat 1 us
# isim force add /microprocessor/clk 0 -radix bin -value 1 -radix bin -time 500 ns -repeat 1 us
# isim force add /microprocessor/rst 1 -radix bin
# isim force add /microprocessor/inpt_a 101 -radix bin
# isim force add /microprocessor/inpt_b 11 -radix bin
# isim force add /microprocessor/inpt_c 111 -radix bin
# isim force add /microprocessor/inpt_c 111 -radix bin
# run 1.00us
# isim force add /microprocessor/rst 0 -radix bin
# run 1.00us
# run 1.00us
# run 1.00us
# run 1.00us
